<?xml version="1.0" encoding="UTF-8"?>
<!-- Generated by org.testng.reporters.JUnitXMLReporter -->
<testsuite ignored="0" hostname="FF-LAPTOP-237" failures="3" tests="12" name="API Tests" time="19.768" errors="0" timestamp="2026-04-14T18:52:13 IST">
  <testcase classname="vestedApi.GenerateTokenApi" name="verifyGenerateTokenApiValidatesCustomerViaCRNApiAndAccountInquiryApi" time="8.041"/>
  <testcase classname="vestedApi.GenerateTokenApi" name="verifyGenerateTokenApiWhenAadharLinkIsN" time="1.721"/>
  <testcase classname="vestedApi.GenerateTokenApi" name="verifyGenerateTokenApiWhenCustomerCRNStatusIsBlacklisted" time="1.494">
    <failure type="java.lang.AssertionError" message="expected [ERR7002] but found [ERR002]">
      <![CDATA[java.lang.AssertionError: expected [ERR7002] but found [ERR002]
at vestedApi.GenerateTokenApi.validateFailureResponse(GenerateTokenApi.java:39)
at vestedApi.GenerateTokenApi.verifyGenerateTokenApiWhenCustomerCRNStatusIsBlacklisted(GenerateTokenApi.java:163)
at java.base/java.util.ArrayList.forEach(ArrayList.java:1596)
... Removed 31 stack frames]]>
    </failure>
  </testcase> <!-- verifyGenerateTokenApiWhenCustomerCRNStatusIsBlacklisted -->
  <testcase classname="vestedApi.GenerateTokenApi" name="verifyGenerateTokenApiWithAlphabeticCharactersInCRN" time="0.241"/>
  <testcase classname="vestedApi.GenerateTokenApi" name="verifyGenerateTokenApiWithCRNAboveMaximumLength" time="0.303"/>
  <testcase classname="vestedApi.GenerateTokenApi" name="verifyGenerateTokenApiWithCRNBelowMinimumLength" time="1.708">
    <failure type="java.lang.AssertionError" message="expected [ERR1008] but found [ERR7007]">
      <![CDATA[java.lang.AssertionError: expected [ERR1008] but found [ERR7007]
at vestedApi.GenerateTokenApi.validateFailureResponse(GenerateTokenApi.java:39)
at vestedApi.GenerateTokenApi.verifyGenerateTokenApiWithCRNBelowMinimumLength(GenerateTokenApi.java:173)
at java.base/java.util.ArrayList.forEach(ArrayList.java:1596)
... Removed 31 stack frames]]>
    </failure>
  </testcase> <!-- verifyGenerateTokenApiWithCRNBelowMinimumLength -->
  <testcase classname="vestedApi.GenerateTokenApi" name="verifyGenerateTokenApiWithEmptyCRN" time="0.308"/>
  <testcase classname="vestedApi.GenerateTokenApi" name="verifyGenerateTokenApiWithInvalidNonExistentCRN" time="2.138">
    <failure type="java.lang.AssertionError" message="expected [ERR7002] but found [ERR002]">
      <![CDATA[java.lang.AssertionError: expected [ERR7002] but found [ERR002]
at vestedApi.GenerateTokenApi.validateFailureResponse(GenerateTokenApi.java:39)
at vestedApi.GenerateTokenApi.verifyGenerateTokenApiWithInvalidNonExistentCRN(GenerateTokenApi.java:183)
at java.base/java.util.ArrayList.forEach(ArrayList.java:1596)
... Removed 31 stack frames]]>
    </failure>
  </testcase> <!-- verifyGenerateTokenApiWithInvalidNonExistentCRN -->
  <testcase classname="vestedApi.GenerateTokenApi" name="verifyGenerateTokenApiWithMissingClientCode" time="0.201"/>
  <testcase classname="vestedApi.GenerateTokenApi" name="verifyGenerateTokenApiWithMissingMandatoryFieldAccNo" time="0.266"/>
  <testcase classname="vestedApi.GenerateTokenApi" name="verifyGenerateTokenApiWithSpecialCharactersInAccNo" time="0.247"/>
  <testcase classname="vestedApi.GenerateTokenApi" name="verifyGenerateTokenApiWithValidCRNAndAccountNumberForEligibleETBCustomer" time="1.935"/>
</testsuite> <!-- API Tests -->
