<?xml version="1.0" encoding="UTF-8"?>
<!-- Generated by org.testng.reporters.JUnitXMLReporter -->
<testsuite ignored="0" hostname="FF-LAPTOP-237" failures="7" tests="23" name="API Tests" time="25.925" errors="0" timestamp="2026-04-14T18:16:13 IST">
  <testcase classname="vestedApi.GenerateTokenApi" name="verifyGenerateTokenApiValidatesCustomerViaCRNApiAndAccountInquiryApi" time="7.128"/>
  <testcase classname="vestedApi.GenerateTokenApi" name="verifyGenerateTokenApiWhenAadharLinkIsN" time="1.687"/>
  <testcase classname="vestedApi.GenerateTokenApi" name="verifyGenerateTokenApiWhenCustomerCRNStatusIsBlacklisted" time="1.429">
    <failure type="java.lang.AssertionError" message="expected [ERR7002] but found [ERR002]">
      <![CDATA[java.lang.AssertionError: expected [ERR7002] but found [ERR002]
at vestedApi.GenerateTokenApi.validateFailureResponse(GenerateTokenApi.java:39)
at vestedApi.GenerateTokenApi.verifyGenerateTokenApiWhenCustomerCRNStatusIsBlacklisted(GenerateTokenApi.java:163)
at java.base/java.util.ArrayList.forEach(ArrayList.java:1596)
... Removed 31 stack frames]]>
    </failure>
  </testcase> <!-- verifyGenerateTokenApiWhenCustomerCRNStatusIsBlacklisted -->
  <testcase classname="vestedApi.GenerateTokenApi" name="verifyGenerateTokenApiWithAlphabeticCharactersInCRN" time="0.268"/>
  <testcase classname="vestedApi.GenerateTokenApi" name="verifyGenerateTokenApiWithCRNAboveMaximumLength" time="0.287"/>
  <testcase classname="vestedApi.GenerateTokenApi" name="verifyGenerateTokenApiWithCRNBelowMinimumLength" time="1.665">
    <failure type="java.lang.AssertionError" message="expected [ERR1008] but found [ERR7007]">
      <![CDATA[java.lang.AssertionError: expected [ERR1008] but found [ERR7007]
at vestedApi.GenerateTokenApi.validateFailureResponse(GenerateTokenApi.java:39)
at vestedApi.GenerateTokenApi.verifyGenerateTokenApiWithCRNBelowMinimumLength(GenerateTokenApi.java:173)
at java.base/java.util.ArrayList.forEach(ArrayList.java:1596)
... Removed 31 stack frames]]>
    </failure>
  </testcase> <!-- verifyGenerateTokenApiWithCRNBelowMinimumLength -->
  <testcase classname="vestedApi.GenerateTokenApi" name="verifyGenerateTokenApiWithEmptyCRN" time="0.22"/>
  <testcase classname="vestedApi.GenerateTokenApi" name="verifyGenerateTokenApiWithInvalidNonExistentCRN" time="0.654">
    <failure type="java.lang.AssertionError" message="expected [ERR7002] but found [ERR002]">
      <![CDATA[java.lang.AssertionError: expected [ERR7002] but found [ERR002]
at vestedApi.GenerateTokenApi.validateFailureResponse(GenerateTokenApi.java:39)
at vestedApi.GenerateTokenApi.verifyGenerateTokenApiWithInvalidNonExistentCRN(GenerateTokenApi.java:183)
at java.base/java.util.ArrayList.forEach(ArrayList.java:1596)
... Removed 31 stack frames]]>
    </failure>
  </testcase> <!-- verifyGenerateTokenApiWithInvalidNonExistentCRN -->
  <testcase classname="vestedApi.GenerateTokenApi" name="verifyGenerateTokenApiWithMissingClientCode" time="0.237"/>
  <testcase classname="vestedApi.GenerateTokenApi" name="verifyGenerateTokenApiWithMissingMandatoryFieldAccNo" time="0.328"/>
  <testcase classname="vestedApi.GenerateTokenApi" name="verifyGenerateTokenApiWithSpecialCharactersInAccNo" time="0.354"/>
  <testcase classname="vestedApi.GenerateTokenApi" name="verifyGenerateTokenApiWithValidCRNAndAccountNumberForEligibleETBCustomer" time="2.421"/>
  <testcase classname="vestedApi.OtpApi" name="verifyGenerateTokenApiWithValidCRNAndAccountNumber" time="1.861"/>
  <testcase classname="vestedApi.OtpApi" name="verifySendOtpApiTriggersSmsToCustomerRegisteredMobileNumber" time="3.978"/>
  <testcase classname="vestedApi.OtpApi" name="verifyOtpApiWithAlphabeticCharactersInOtpField" time="0.223"/>
  <testcase classname="vestedApi.OtpApi" name="verifyOtpApiWithCorrectSixDigitOtp" time="0.508"/>
  <testcase classname="vestedApi.OtpApi" name="verifyOtpApiWithIncorrectOtp" time="0.466">
    <failure type="java.lang.AssertionError" message="expected [ERR1009] but found [ERR1010]">
      <![CDATA[java.lang.AssertionError: expected [ERR1009] but found [ERR1010]
at vestedApi.OtpApi.verifyOtpApiWithIncorrectOtp(OtpApi.java:110)
at java.base/java.util.ArrayList.forEach(ArrayList.java:1596)
... Removed 31 stack frames]]>
    </failure>
  </testcase> <!-- verifyOtpApiWithIncorrectOtp -->
  <testcase classname="vestedApi.OtpApi" name="verifyOtpApiWithLessThanSixDigits" time="0.18"/>
  <testcase classname="vestedApi.OtpApi" name="verifyOtpApiWithMoreThanSixDigits" time="0.197"/>
  <testcase classname="vestedApi.OtpApi" name="verifyOtpApiWithoutAuthToken" time="0.158">
    <failure type="java.lang.AssertionError" message="expected [Technical error] but found [Technical Decline]">
      <![CDATA[java.lang.AssertionError: expected [Technical error] but found [Technical Decline]
at vestedApi.OtpApi.verifyOtpApiWithoutAuthToken(OtpApi.java:247)
at java.base/java.util.ArrayList.forEach(ArrayList.java:1596)
... Removed 31 stack frames]]>
    </failure>
  </testcase> <!-- verifyOtpApiWithoutAuthToken -->
  <testcase classname="vestedApi.OtpApi" name="verifySendOtpApiWithInvalidExpiredAuthToken" time="0.224">
    <failure type="java.lang.AssertionError" message="expected [Technical error] but found [Technical Decline]">
      <![CDATA[java.lang.AssertionError: expected [Technical error] but found [Technical Decline]
at vestedApi.OtpApi.verifySendOtpApiWithInvalidExpiredAuthToken(OtpApi.java:292)
at java.base/java.util.ArrayList.forEach(ArrayList.java:1596)
... Removed 31 stack frames]]>
    </failure>
  </testcase> <!-- verifySendOtpApiWithInvalidExpiredAuthToken -->
  <testcase classname="vestedApi.OtpApi" name="verifySendOtpApiWithMissingMandatoryCRNField" time="0.175"/>
  <testcase classname="vestedApi.OtpApi" name="verifySendOtpApiWithoutAuthTokenInHeader" time="0.225">
    <failure type="java.lang.AssertionError" message="expected [Technical error] but found [Technical Decline]">
      <![CDATA[java.lang.AssertionError: expected [Technical error] but found [Technical Decline]
at vestedApi.OtpApi.verifySendOtpApiWithoutAuthTokenInHeader(OtpApi.java:314)
at java.base/java.util.ArrayList.forEach(ArrayList.java:1596)
... Removed 31 stack frames]]>
    </failure>
  </testcase> <!-- verifySendOtpApiWithoutAuthTokenInHeader -->
</testsuite> <!-- API Tests -->
