<?xml version="1.0" encoding="UTF-8"?>
<!-- Generated by org.testng.reporters.JUnitXMLReporter -->
<testsuite ignored="0" hostname="FF-LAPTOP-140" failures="7" tests="24" name="Generate Token API" time="75.437" errors="0" timestamp="2026-05-01T17:16:32 IST">
  <testcase classname="vestedApi.GenerateTokenApi" name="verifyGenerateTokenApiValidatesCustomerViaCRNApiAndAccountInquiryApi" time="6.905"/>
  <testcase classname="vestedApi.GenerateTokenApi" name="verifyGenerateTokenApiWhenAadharLinkIsN" time="5.619"/>
  <testcase classname="vestedApi.GenerateTokenApi" name="verifyGenerateTokenApiWhenAccNoDoesNotMatchApacInBCIF" time="6.357">
    <failure type="java.lang.AssertionError" message="expected [ERR7007] but found [ERR002]">
      <![CDATA[java.lang.AssertionError: expected [ERR7007] but found [ERR002]
at vestedApi.GenerateTokenApi.validateFailureResponse(GenerateTokenApi.java:48)
at vestedApi.GenerateTokenApi.verifyGenerateTokenApiWhenAccNoDoesNotMatchApacInBCIF(GenerateTokenApi.java:334)
at java.base/java.util.ArrayList.forEach(ArrayList.java:1596)
... Removed 31 stack frames]]>
    </failure>
  </testcase> <!-- verifyGenerateTokenApiWhenAccNoDoesNotMatchApacInBCIF -->
  <testcase classname="vestedApi.GenerateTokenApi" name="verifyGenerateTokenApiWhenAccountStatusIsCreditFreeze" time="2.062">
    <failure type="java.lang.AssertionError" message="expected [ERR7010] but found [ERR7007]">
      <![CDATA[java.lang.AssertionError: expected [ERR7010] but found [ERR7007]
at vestedApi.GenerateTokenApi.validateFailureResponse(GenerateTokenApi.java:48)
at vestedApi.GenerateTokenApi.verifyGenerateTokenApiWhenAccountStatusIsCreditFreeze(GenerateTokenApi.java:347)
at java.base/java.util.ArrayList.forEach(ArrayList.java:1596)
... Removed 31 stack frames]]>
    </failure>
  </testcase> <!-- verifyGenerateTokenApiWhenAccountStatusIsCreditFreeze -->
  <testcase classname="vestedApi.GenerateTokenApi" name="verifyGenerateTokenApiWhenAccountStatusIsDebitFreeze" time="1.683"/>
  <testcase classname="vestedApi.GenerateTokenApi" name="verifyGenerateTokenApiWhenAccountStatusIsDormant" time="1.889"/>
  <testcase classname="vestedApi.GenerateTokenApi" name="verifyGenerateTokenApiWhenAccountStatusIsTotalFreeze" time="18.224">
    <failure type="java.lang.AssertionError" message="expected [ERR7010] but found [ERR7007]">
      <![CDATA[java.lang.AssertionError: expected [ERR7010] but found [ERR7007]
at vestedApi.GenerateTokenApi.validateFailureResponse(GenerateTokenApi.java:48)
at vestedApi.GenerateTokenApi.verifyGenerateTokenApiWhenAccountStatusIsTotalFreeze(GenerateTokenApi.java:360)
at java.base/java.util.ArrayList.forEach(ArrayList.java:1596)
... Removed 31 stack frames]]>
    </failure>
  </testcase> <!-- verifyGenerateTokenApiWhenAccountStatusIsTotalFreeze -->
  <testcase classname="vestedApi.GenerateTokenApi" name="verifyGenerateTokenApiWhenCustomerCRNStatusIsBlacklisted" time="11.359">
    <failure type="java.lang.AssertionError" message="expected [ERR7002] but found [ERR002]">
      <![CDATA[java.lang.AssertionError: expected [ERR7002] but found [ERR002]
at vestedApi.GenerateTokenApi.validateFailureResponse(GenerateTokenApi.java:48)
at vestedApi.GenerateTokenApi.verifyGenerateTokenApiWhenCustomerCRNStatusIsBlacklisted(GenerateTokenApi.java:192)
at java.base/java.util.ArrayList.forEach(ArrayList.java:1596)
... Removed 31 stack frames]]>
    </failure>
  </testcase> <!-- verifyGenerateTokenApiWhenCustomerCRNStatusIsBlacklisted -->
  <testcase classname="vestedApi.GenerateTokenApi" name="verifyGenerateTokenApiWhenCustomerCRNStatusIsSuspended" time="2.925">
    <failure type="java.lang.AssertionError" message="expected [F] but found [S]">
      <![CDATA[java.lang.AssertionError: expected [F] but found [S]
at vestedApi.GenerateTokenApi.validateFailureResponse(GenerateTokenApi.java:47)
at vestedApi.GenerateTokenApi.verifyGenerateTokenApiWhenCustomerCRNStatusIsSuspended(GenerateTokenApi.java:321)
at java.base/java.util.ArrayList.forEach(ArrayList.java:1596)
... Removed 31 stack frames]]>
    </failure>
  </testcase> <!-- verifyGenerateTokenApiWhenCustomerCRNStatusIsSuspended -->
  <testcase classname="vestedApi.GenerateTokenApi" name="verifyGenerateTokenApiWhenITTypeIsNotAllowed" time="2.612"/>
  <testcase classname="vestedApi.GenerateTokenApi" name="verifyGenerateTokenApiWhenPartyTypeIsCorporate" time="1.962"/>
  <testcase classname="vestedApi.GenerateTokenApi" name="verifyGenerateTokenApiWhenRelationTypeIsNotAllowed" time="2.497"/>
  <testcase classname="vestedApi.GenerateTokenApi" name="verifyGenerateTokenApiWhenSchemeCodeIsNotAllowed" time="2.383">
    <failure type="java.lang.AssertionError" message="expected [F] but found [S]">
      <![CDATA[java.lang.AssertionError: expected [F] but found [S]
at vestedApi.GenerateTokenApi.validateFailureResponse(GenerateTokenApi.java:47)
at vestedApi.GenerateTokenApi.verifyGenerateTokenApiWhenSchemeCodeIsNotAllowed(GenerateTokenApi.java:373)
at java.base/java.util.ArrayList.forEach(ArrayList.java:1596)
... Removed 31 stack frames]]>
    </failure>
  </testcase> <!-- verifyGenerateTokenApiWhenSchemeCodeIsNotAllowed -->
  <testcase classname="vestedApi.GenerateTokenApi" name="verifyGenerateTokenApiWithAlphabeticCharactersInCRN" time="0.152"/>
  <testcase classname="vestedApi.GenerateTokenApi" name="verifyGenerateTokenApiWithCRNAboveMaximumLength" time="0.193"/>
  <testcase classname="vestedApi.GenerateTokenApi" name="verifyGenerateTokenApiWithCrnAboveMaximumLength" time="0.267"/>
  <testcase classname="vestedApi.GenerateTokenApi" name="verifyGenerateTokenApiWithCrnAtMaximumLength" time="2.207"/>
  <testcase classname="vestedApi.GenerateTokenApi" name="verifyGenerateTokenApiWithCrnAtMinimumLengthFourDigits" time="0.201"/>
  <testcase classname="vestedApi.GenerateTokenApi" name="verifyGenerateTokenApiWithEmptyCRN" time="0.195"/>
  <testcase classname="vestedApi.GenerateTokenApi" name="verifyGenerateTokenApiWithInvalidNonExistentCRN" time="1.946">
    <failure type="java.lang.AssertionError" message="expected [ERR7002] but found [ERR002]">
      <![CDATA[java.lang.AssertionError: expected [ERR7002] but found [ERR002]
at vestedApi.GenerateTokenApi.validateFailureResponse(GenerateTokenApi.java:48)
at vestedApi.GenerateTokenApi.verifyGenerateTokenApiWithInvalidNonExistentCRN(GenerateTokenApi.java:204)
at java.base/java.util.ArrayList.forEach(ArrayList.java:1596)
... Removed 31 stack frames]]>
    </failure>
  </testcase> <!-- verifyGenerateTokenApiWithInvalidNonExistentCRN -->
  <testcase classname="vestedApi.GenerateTokenApi" name="verifyGenerateTokenApiWithMissingClientCode" time="0.195"/>
  <testcase classname="vestedApi.GenerateTokenApi" name="verifyGenerateTokenApiWithMissingMandatoryFieldAccNo" time="0.251"/>
  <testcase classname="vestedApi.GenerateTokenApi" name="verifyGenerateTokenApiWithSpecialCharactersInAccNo" time="0.176"/>
  <testcase classname="vestedApi.GenerateTokenApi" name="verifyGenerateTokenApiWithValidCRNAndAccountNumberForEligibleETBCustomer" time="2.045"/>
</testsuite> <!-- Generate Token API -->
