<?xml version="1.0" encoding="UTF-8"?>
<!-- Generated by org.testng.reporters.JUnitXMLReporter -->
<testsuite ignored="0" hostname="FF-LAPTOP-140" failures="5" tests="18" name="Get Quote API" time="95.366" errors="0" timestamp="2026-05-01T17:18:17 IST">
  <testcase classname="vestedApi.GetQuoteApi" name="verifyGenerateTokenApiReturnsSuccessWithValidRequest" time="1.682"/>
  <testcase classname="vestedApi.GetQuoteApi" name="verifyQuoteApiReturnsError1007WhenAuthTokenIsInvalid" time="0.225">
    <failure type="java.lang.AssertionError" message="expected [Technical error] but found [Technical Decline]">
      <![CDATA[java.lang.AssertionError: expected [Technical error] but found [Technical Decline]
at vestedApi.GetQuoteApi.verifyQuoteApiReturnsError1007WhenAuthTokenIsInvalid(GetQuoteApi.java:297)
at java.base/java.util.ArrayList.forEach(ArrayList.java:1596)
... Removed 31 stack frames]]>
    </failure>
  </testcase> <!-- verifyQuoteApiReturnsError1007WhenAuthTokenIsInvalid -->
  <testcase classname="vestedApi.GetQuoteApi" name="verifyQuoteApiWithoutOtpVerification" time="0.314"/>
  <testcase classname="vestedApi.GetQuoteApi" name="verifySendOtpApiReturnsSuccessWithValidToken" time="1.187"/>
  <testcase classname="vestedApi.GetQuoteApi" name="verifyVerifyOtpApiReturnsSuccessWithValidOtp" time="0.566"/>
  <testcase classname="vestedApi.GetQuoteApi" name="verifyGetQuoteApiReturnsSuccessWhenSourceOfFundsIsGift" time="27.746"/>
  <testcase classname="vestedApi.GetQuoteApi" name="verifyGetQuoteApiReturnsSuccessWhenSourceOfFundsIsOwnedFunds" time="9.047"/>
  <testcase classname="vestedApi.GetQuoteApi" name="verifyGetQuoteApiReturnsSuccessWithValidTokenAndVerifiedOtp" time="14.003"/>
  <testcase classname="vestedApi.GetQuoteApi" name="verifyQuoteApiReturnsError1001WhenLrsLimitExceeded" time="8.442">
    <failure type="java.lang.AssertionError" message="expected [ERR1001] but found [ERR1005]">
      <![CDATA[java.lang.AssertionError: expected [ERR1001] but found [ERR1005]
at vestedApi.GetQuoteApi.verifyQuoteApiReturnsError1001WhenLrsLimitExceeded(GetQuoteApi.java:231)
at java.base/java.util.ArrayList.forEach(ArrayList.java:1596)
... Removed 31 stack frames]]>
    </failure>
  </testcase> <!-- verifyQuoteApiReturnsError1001WhenLrsLimitExceeded -->
  <testcase classname="vestedApi.GetQuoteApi" name="verifyQuoteApiReturnsError1002WhenInsufficientBankBalance" time="6.955">
    <failure type="java.lang.AssertionError" message="expected [Insufficient funds] but found [Business Decline]">
      <![CDATA[java.lang.AssertionError: expected [Insufficient funds] but found [Business Decline]
at vestedApi.GetQuoteApi.verifyQuoteApiReturnsError1002WhenInsufficientBankBalance(GetQuoteApi.java:276)
at java.base/java.util.ArrayList.forEach(ArrayList.java:1596)
... Removed 31 stack frames]]>
    </failure>
  </testcase> <!-- verifyQuoteApiReturnsError1002WhenInsufficientBankBalance -->
  <testcase classname="vestedApi.GetQuoteApi" name="verifyQuoteApiReturnsError1003WhenPurposeMismatch" time="0.404">
    <failure type="java.lang.AssertionError" message="expected [Purpose mismatch] but found [Business Decline]">
      <![CDATA[java.lang.AssertionError: expected [Purpose mismatch] but found [Business Decline]
at vestedApi.GetQuoteApi.verifyQuoteApiReturnsError1003WhenPurposeMismatch(GetQuoteApi.java:254)
at java.base/java.util.ArrayList.forEach(ArrayList.java:1596)
... Removed 31 stack frames]]>
    </failure>
  </testcase> <!-- verifyQuoteApiReturnsError1003WhenPurposeMismatch -->
  <testcase classname="vestedApi.GetQuoteApi" name="verifyQuoteApiReturnsError1008WhenCurrencyCodeExceedsThreeCharacters" time="0.201"/>
  <testcase classname="vestedApi.GetQuoteApi" name="verifyQuoteApiReturnsError1008WhenFcAmtHasMoreThanTwoDecimalPlaces" time="7.609">
    <failure type="java.lang.AssertionError" message="expected [ERR1008] but found []">
      <![CDATA[java.lang.AssertionError: expected [ERR1008] but found []
at vestedApi.GetQuoteApi.verifyQuoteApiReturnsError1008WhenFcAmtHasMoreThanTwoDecimalPlaces(GetQuoteApi.java:475)
at java.base/java.util.ArrayList.forEach(ArrayList.java:1596)
... Removed 31 stack frames]]>
    </failure>
  </testcase> <!-- verifyQuoteApiReturnsError1008WhenFcAmtHasMoreThanTwoDecimalPlaces -->
  <testcase classname="vestedApi.GetQuoteApi" name="verifyQuoteApiReturnsError1008WhenFcAmtIsBlank" time="0.237"/>
  <testcase classname="vestedApi.GetQuoteApi" name="verifyQuoteApiReturnsError1008WhenPurposeDescriptionIsBlank" time="0.143"/>
  <testcase classname="vestedApi.GetQuoteApi" name="verifyQuoteApiReturnsError1008WhenPurposeDescriptionIsMissing" time="0.157"/>
  <testcase classname="vestedApi.GetQuoteApi" name="verifyQuoteApiReturnsIsDocRequiredNWhenAccountAgeGreaterThanOrEqualToOneYear" time="9.254"/>
  <testcase classname="vestedApi.GetQuoteApi" name="verifyQuoteApiReturnsSuccessWhenPurposeMatchesKrMaster" time="7.098"/>
</testsuite> <!-- Get Quote API -->
