<?xml version="1.0" encoding="UTF-8"?>
<!-- Generated by org.testng.reporters.JUnitXMLReporter -->
<testsuite ignored="0" hostname="FF-LAPTOP-140" failures="1" tests="10" name="OTP APIs" time="9.007" errors="0" timestamp="2026-05-01T17:16:42 IST">
  <testcase classname="vestedApi.SendVerifyOtpApi" name="verifyGenerateTokenApiWithValidCRNAndAccountNumber" time="2.004"/>
  <testcase classname="vestedApi.SendVerifyOtpApi" name="verifySendOtpApiTriggersSmsToCustomerRegisteredMobileNumber" time="5.427"/>
  <testcase classname="vestedApi.SendVerifyOtpApi" name="verifyOtpApiWithAlphabeticCharactersInOtpField" time="0.114"/>
  <testcase classname="vestedApi.SendVerifyOtpApi" name="verifyOtpApiWithIncorrectOtp" time="0.476">
    <failure type="java.lang.AssertionError" message="expected [OTP is incorrect] but found [Invalid OTP]">
      <![CDATA[java.lang.AssertionError: expected [OTP is incorrect] but found [Invalid OTP]
at vestedApi.SendVerifyOtpApi.verifyOtpApiWithIncorrectOtp(SendVerifyOtpApi.java:126)
at java.base/java.util.ArrayList.forEach(ArrayList.java:1596)
... Removed 31 stack frames]]>
    </failure>
  </testcase> <!-- verifyOtpApiWithIncorrectOtp -->
  <testcase classname="vestedApi.SendVerifyOtpApi" name="verifyOtpApiWithLessThanSixDigits" time="0.124"/>
  <testcase classname="vestedApi.SendVerifyOtpApi" name="verifyOtpApiWithMoreThanSixDigits" time="0.129"/>
  <testcase classname="vestedApi.SendVerifyOtpApi" name="verifyOtpApiWithoutAuthToken" time="0.156"/>
  <testcase classname="vestedApi.SendVerifyOtpApi" name="verifySendOtpApiWithInvalidExpiredAuthToken" time="0.208"/>
  <testcase classname="vestedApi.SendVerifyOtpApi" name="verifySendOtpApiWithMissingMandatoryCRNField" time="0.124"/>
  <testcase classname="vestedApi.SendVerifyOtpApi" name="verifySendOtpApiWithoutAuthTokenInHeader" time="0.156"/>
</testsuite> <!-- OTP APIs -->
