<?xml version="1.0" encoding="UTF-8"?>
<!-- Generated by org.testng.reporters.JUnitXMLReporter -->
<testsuite ignored="0" hostname="FF-LAPTOP-237" failures="3" tests="12" name="OTP Tests" time="19.969" errors="0" timestamp="2026-04-14T18:12:48 IST">
  <testcase classname="vestedApi.GenerateTokenApi" name="verifyGenerateTokenApiValidatesCustomerViaCRNApiAndAccountInquiryApi" time="9.839"/>
  <testcase classname="vestedApi.GenerateTokenApi" name="verifyGenerateTokenApiWhenAadharLinkIsN" time="2.201"/>
  <testcase classname="vestedApi.GenerateTokenApi" name="verifyGenerateTokenApiWhenCustomerCRNStatusIsBlacklisted" time="1.368">
    <failure type="java.lang.AssertionError" message="expected [ERR7002] but found [ERR002]">
      <![CDATA[java.lang.AssertionError: expected [ERR7002] but found [ERR002]
at vestedApi.GenerateTokenApi.validateFailureResponse(GenerateTokenApi.java:39)
at vestedApi.GenerateTokenApi.verifyGenerateTokenApiWhenCustomerCRNStatusIsBlacklisted(GenerateTokenApi.java:163)
at java.base/java.util.ArrayList.forEach(ArrayList.java:1596)
... Removed 31 stack frames]]>
    </failure>
  </testcase> <!-- verifyGenerateTokenApiWhenCustomerCRNStatusIsBlacklisted -->
  <testcase classname="vestedApi.GenerateTokenApi" name="verifyGenerateTokenApiWithAlphabeticCharactersInCRN" time="0.223"/>
  <testcase classname="vestedApi.GenerateTokenApi" name="verifyGenerateTokenApiWithCRNAboveMaximumLength" time="0.271"/>
  <testcase classname="vestedApi.GenerateTokenApi" name="verifyGenerateTokenApiWithCRNBelowMinimumLength" time="1.602">
    <failure type="java.lang.AssertionError" message="expected [ERR1008] but found [ERR7007]">
      <![CDATA[java.lang.AssertionError: expected [ERR1008] but found [ERR7007]
at vestedApi.GenerateTokenApi.validateFailureResponse(GenerateTokenApi.java:39)
at vestedApi.GenerateTokenApi.verifyGenerateTokenApiWithCRNBelowMinimumLength(GenerateTokenApi.java:173)
at java.base/java.util.ArrayList.forEach(ArrayList.java:1596)
... Removed 31 stack frames]]>
    </failure>
  </testcase> <!-- verifyGenerateTokenApiWithCRNBelowMinimumLength -->
  <testcase classname="vestedApi.GenerateTokenApi" name="verifyGenerateTokenApiWithEmptyCRN" time="0.231"/>
  <testcase classname="vestedApi.GenerateTokenApi" name="verifyGenerateTokenApiWithInvalidNonExistentCRN" time="0.61">
    <failure type="java.lang.AssertionError" message="expected [ERR7002] but found [ERR002]">
      <![CDATA[java.lang.AssertionError: expected [ERR7002] but found [ERR002]
at vestedApi.GenerateTokenApi.validateFailureResponse(GenerateTokenApi.java:39)
at vestedApi.GenerateTokenApi.verifyGenerateTokenApiWithInvalidNonExistentCRN(GenerateTokenApi.java:183)
at java.base/java.util.ArrayList.forEach(ArrayList.java:1596)
... Removed 31 stack frames]]>
    </failure>
  </testcase> <!-- verifyGenerateTokenApiWithInvalidNonExistentCRN -->
  <testcase classname="vestedApi.GenerateTokenApi" name="verifyGenerateTokenApiWithMissingClientCode" time="0.27"/>
  <testcase classname="vestedApi.GenerateTokenApi" name="verifyGenerateTokenApiWithMissingMandatoryFieldAccNo" time="0.372"/>
  <testcase classname="vestedApi.GenerateTokenApi" name="verifyGenerateTokenApiWithSpecialCharactersInAccNo" time="0.218"/>
  <testcase classname="vestedApi.GenerateTokenApi" name="verifyGenerateTokenApiWithValidCRNAndAccountNumberForEligibleETBCustomer" time="1.78"/>
</testsuite> <!-- OTP Tests -->
