<?xml version="1.0" encoding="UTF-8"?>
<testng-results ignored="0" total="1" passed="0" failed="1" skipped="0">
  <reporter-output>
  </reporter-output>
  <suite started-at="2026-04-04T00:33:56 IST" name="Default suite" finished-at="2026-04-04T00:35:24 IST" duration-ms="87816">
    <groups>
      <group name="cucumber">
        <method signature="AbstractTestNGCucumberTests.runScenario(io.cucumber.testng.PickleWrapper,io.cucumber.testng.FeatureWrapper)[pri:0, instance:runner.TestRunner@3eb91815]" name="runScenario" class="io.cucumber.testng.AbstractTestNGCucumberTests"/>
      </group> <!-- cucumber -->
    </groups>
    <test started-at="2026-04-04T00:33:56 IST" name="Default test" finished-at="2026-04-04T00:35:24 IST" duration-ms="87816">
      <class name="runner.TestRunner">
        <test-method is-config="true" signature="setUpClass(org.testng.ITestContext)[pri:0, instance:runner.TestRunner@3eb91815]" started-at="2026-04-04T00:33:56 IST" name="setUpClass" finished-at="2026-04-04T00:33:57 IST" duration-ms="566" status="PASS">
          <params>
            <param index="0">
              <value>
                <![CDATA[org.testng.TestRunner@52035328]]>
              </value>
            </param>
          </params>
          <reporter-output>
          </reporter-output>
        </test-method> <!-- setUpClass -->
        <test-method signature="runScenario(io.cucumber.testng.PickleWrapper,io.cucumber.testng.FeatureWrapper)[pri:0, instance:runner.TestRunner@3eb91815]" started-at="2026-04-04T00:33:57 IST" name="runScenario" description="Runs Cucumber Scenarios" data-provider="scenarios" finished-at="2026-04-04T00:35:24 IST" duration-ms="87044" status="FAIL">
          <params>
            <param index="0">
              <value>
                <![CDATA["User successfully signs up, verifies account and logs in"]]>
              </value>
            </param>
            <param index="1">
              <value>
                <![CDATA["Eurozone Corridor - Signup and Login End-to-End"]]>
              </value>
            </param>
          </params>
          <exception class="java.lang.NullPointerException">
            <message>
              <![CDATA[Cannot invoke "pages.EuroLoginPage.enterEmail(String)" because "this.loginPage" is null]]>
            </message>
            <full-stacktrace>
              <![CDATA[java.lang.NullPointerException: Cannot invoke "pages.EuroLoginPage.enterEmail(String)" because "this.loginPage" is null
at stepdefinitions.EuroLoginSteps.user_enters_registered_email(EuroLoginSteps.java:53)
at ✽.user enters registered email(file:///C:/Users/Omkar.Madav/git/Omkar_Github/axis-remit-automation/src/test/resources/features/EuroSignupLogin.feature:28)
]]>
            </full-stacktrace>
          </exception> <!-- java.lang.NullPointerException -->
          <reporter-output>
          </reporter-output>
        </test-method> <!-- runScenario -->
        <test-method is-config="true" signature="tearDownClass()[pri:0, instance:runner.TestRunner@3eb91815]" started-at="2026-04-04T00:35:24 IST" name="tearDownClass" finished-at="2026-04-04T00:35:24 IST" duration-ms="83" status="PASS">
          <reporter-output>
          </reporter-output>
        </test-method> <!-- tearDownClass -->
      </class> <!-- runner.TestRunner -->
    </test> <!-- Default test -->
  </suite> <!-- Default suite -->
</testng-results>
