<?xml version="1.0" encoding="UTF-8"?>
<!-- Generated by org.testng.reporters.JUnitXMLReporter -->
<testsuite ignored="0" hostname="MSI" failures="1" tests="1" name="Default test" time="7.67" errors="0" timestamp="2026-03-23T20:48:59 IST">
  <testcase classname="io.cucumber.testng.AbstractTestNGCucumberTests" name="runScenario" time="6.53">
    <failure type="java.lang.AssertionError">
      <![CDATA[java.lang.AssertionError
at org.junit.Assert.fail(Assert.java:87)
at org.junit.Assert.assertTrue(Assert.java:42)
at org.junit.Assert.assertTrue(Assert.java:53)
at StepDefinition.StepDef.the_page_title_should_be(StepDef.java:53)
at ✽.the page title should be "Dashboard / nopCommerce administratio"(file:///C:/Users/omkar/omkar-eclipse-workspace/com.cucumber.framework/src/test/resources/Features/Login.feature:8)
]]>
    </failure>
  </testcase> <!-- runScenario -->
</testsuite> <!-- Default test -->
