<?xml version="1.0" encoding="UTF-8"?>
<!-- Generated by org.testng.reporters.JUnitReportReporter -->
<testsuite hostname="FF-LAPTOP-245" failures="0" tests="1" name="runner.TestRunner" time="13.711" errors="1" timestamp="2026-03-26T14:07:53 IST" skipped="0">
  <testcase classname="runner.TestRunner" name="runScenario" time="13.711">
    <error message="element click intercepted: Element is not clickable at point (344, 592)
  (Session info: chrome=146.0.7680.165)
Build info: version: &#039;4.22.0&#039;, revision: &#039;c5f3146703*&#039;
System info: os.name: &#039;Windows 11&#039;, os.arch: &#039;amd64&#039;, os.version: &#039;10.0&#039;, java.version: &#039;21.0.10&#039;
Driver info: org.openqa.selenium.chrome.ChromeDriver
Command: [5bd66781e79e8e3d8ea1a0d6e9eec416, clickElement {id=f.840B473618A7E003CF5810091FC8EF58.d.F25E90AA40A8AE183680B63C17576915.e.144}]
Capabilities {acceptInsecureCerts: false, browserName: chrome, browserVersion: 146.0.7680.165, chrome: {chromedriverVersion: 146.0.7680.165 (4b989da09e1..., userDataDir: C:\Users\OMKAR~1.MAD\AppDat...}, fedcm:accounts: true, goog:chromeOptions: {debuggerAddress: localhost:62827}, goog:processID: 19604, networkConnectionEnabled: false, pageLoadStrategy: normal, platformName: windows, proxy: Proxy(), se:cdp: ws://localhost:62827/devtoo..., se:cdpVersion: 146.0.7680.165, setWindowRect: true, strictFileInteractability: false, timeouts: {implicit: 0, pageLoad: 300000, script: 30000}, unhandledPromptBehavior: dismiss and notify, webauthn:extension:credBlob: true, webauthn:extension:largeBlob: true, webauthn:extension:minPinLength: true, webauthn:extension:prf: true, webauthn:virtualAuthenticators: true}
Element: [[ChromeDriver: chrome on windows (5bd66781e79e8e3d8ea1a0d6e9eec416)] -&gt; xpath: //span[normalize-space()=&#039;Indian&#039;]]
Session ID: 5bd66781e79e8e3d8ea1a0d6e9eec416" type="org.openqa.selenium.ElementClickInterceptedException">
      <![CDATA[org.openqa.selenium.ElementClickInterceptedException: element click intercepted: Element is not clickable at point (344, 592)
  (Session info: chrome=146.0.7680.165)
Build info: version: '4.22.0', revision: 'c5f3146703*'
System info: os.name: 'Windows 11', os.arch: 'amd64', os.version: '10.0', java.version: '21.0.10'
Driver info: org.openqa.selenium.chrome.ChromeDriver
Command: [5bd66781e79e8e3d8ea1a0d6e9eec416, clickElement {id=f.840B473618A7E003CF5810091FC8EF58.d.F25E90AA40A8AE183680B63C17576915.e.144}]
Capabilities {acceptInsecureCerts: false, browserName: chrome, browserVersion: 146.0.7680.165, chrome: {chromedriverVersion: 146.0.7680.165 (4b989da09e1..., userDataDir: C:\Users\OMKAR~1.MAD\AppDat...}, fedcm:accounts: true, goog:chromeOptions: {debuggerAddress: localhost:62827}, goog:processID: 19604, networkConnectionEnabled: false, pageLoadStrategy: normal, platformName: windows, proxy: Proxy(), se:cdp: ws://localhost:62827/devtoo..., se:cdpVersion: 146.0.7680.165, setWindowRect: true, strictFileInteractability: false, timeouts: {implicit: 0, pageLoad: 300000, script: 30000}, unhandledPromptBehavior: dismiss and notify, webauthn:extension:credBlob: true, webauthn:extension:largeBlob: true, webauthn:extension:minPinLength: true, webauthn:extension:prf: true, webauthn:virtualAuthenticators: true}
Element: [[ChromeDriver: chrome on windows (5bd66781e79e8e3d8ea1a0d6e9eec416)] -> xpath: //span[normalize-space()='Indian']]
Session ID: 5bd66781e79e8e3d8ea1a0d6e9eec416
at java.base/jdk.internal.reflect.DirectConstructorHandleAccessor.newInstance(DirectConstructorHandleAccessor.java:62)
at java.base/java.lang.reflect.Constructor.newInstanceWithCaller(Constructor.java:502)
at java.base/java.lang.reflect.Constructor.newInstance(Constructor.java:486)
at org.openqa.selenium.remote.ErrorCodec.decode(ErrorCodec.java:167)
at org.openqa.selenium.remote.codec.w3c.W3CHttpResponseCodec.decode(W3CHttpResponseCodec.java:138)
at org.openqa.selenium.remote.codec.w3c.W3CHttpResponseCodec.decode(W3CHttpResponseCodec.java:50)
at org.openqa.selenium.remote.HttpCommandExecutor.execute(HttpCommandExecutor.java:190)
at org.openqa.selenium.remote.service.DriverCommandExecutor.invokeExecute(DriverCommandExecutor.java:216)
at org.openqa.selenium.remote.service.DriverCommandExecutor.execute(DriverCommandExecutor.java:174)
at org.openqa.selenium.remote.RemoteWebDriver.execute(RemoteWebDriver.java:518)
at org.openqa.selenium.remote.RemoteWebElement.execute(RemoteWebElement.java:223)
at org.openqa.selenium.remote.RemoteWebElement.click(RemoteWebElement.java:76)
at pages.EuroSignupPage.selectCitizenship(EuroSignupPage.java:124)
at stepdefinitions.EuroSignupSteps.user_selects_nationality(EuroSignupSteps.java:106)
at ✽.user selects nationality(file:///C:/Users/omkar.madav/git/Omkar_Github/axis-remit-automation/src/test/resources/features/EuroSignup.feature:16)
]]>
    </error>
  </testcase> <!-- runScenario -->
</testsuite> <!-- runner.TestRunner -->
