<?xml version="1.0" encoding="UTF-8"?>
<!-- Generated by org.testng.reporters.JUnitReportReporter -->
<testsuite hostname="FF-LAPTOP-140" failures="1" tests="8" name="vestedApi.StatusUpdateAPI" time="8.910" errors="0" timestamp="2026-05-28T18:59:12 IST" skipped="7">
  <testcase classname="vestedApi.StatusUpdateAPI" name="verifyStatusUpdateApiReturnsError1007WhenAuthTokenIsInvalid" time="0.000">
    <skipped/>
  </testcase> <!-- verifyStatusUpdateApiReturnsError1007WhenAuthTokenIsInvalid -->
  <testcase classname="vestedApi.StatusUpdateAPI" name="verifyStatusUpdateApiReturnsTxnStatus306ForCredenceRejectedTransaction" time="0.000">
    <skipped/>
  </testcase> <!-- verifyStatusUpdateApiReturnsTxnStatus306ForCredenceRejectedTransaction -->
  <testcase classname="vestedApi.StatusUpdateAPI" name="verifyStatusUpdateApiReturnsTxnStatus153ForCrnUpdatedTransaction" time="0.000">
    <skipped/>
  </testcase> <!-- verifyStatusUpdateApiReturnsTxnStatus153ForCrnUpdatedTransaction -->
  <testcase classname="vestedApi.StatusUpdateAPI" name="verifyStatusUpdateApiReturnsCorrectTransactionStatus" time="0.000">
    <skipped/>
  </testcase> <!-- verifyStatusUpdateApiReturnsCorrectTransactionStatus -->
  <testcase classname="vestedApi.StatusUpdateAPI" name="verifyStatusUpdateApiReturnsError1008WhenTxnRefNoIsInvalid" time="0.000">
    <skipped/>
  </testcase> <!-- verifyStatusUpdateApiReturnsError1008WhenTxnRefNoIsInvalid -->
  <testcase classname="vestedApi.StatusUpdateAPI" name="verifyStatusUpdateApiReturnsTxnStatus204ForMoneyDeliveredTransaction" time="0.000">
    <skipped/>
  </testcase> <!-- verifyStatusUpdateApiReturnsTxnStatus204ForMoneyDeliveredTransaction -->
  <testcase classname="vestedApi.StatusUpdateAPI" name="verifyGenerateTokenApiReturnsSuccessWithValidRequest" time="8.910">
    <failure message="expected [S] but found [null]" type="java.lang.AssertionError">
      <![CDATA[java.lang.AssertionError: expected [S] but found [null]
at org.testng.Assert.fail(Assert.java:111)
at org.testng.Assert.failNotEquals(Assert.java:1578)
at org.testng.Assert.assertEqualsImpl(Assert.java:150)
at org.testng.Assert.assertEquals(Assert.java:132)
at org.testng.Assert.assertEquals(Assert.java:656)
at org.testng.Assert.assertEquals(Assert.java:666)
at vestedApi.StatusUpdateAPI.verifyGenerateTokenApiReturnsSuccessWithValidRequest(StatusUpdateAPI.java:91)
at java.base/jdk.internal.reflect.DirectMethodHandleAccessor.invoke(DirectMethodHandleAccessor.java:103)
at java.base/java.lang.reflect.Method.invoke(Method.java:580)
at org.testng.internal.invokers.MethodInvocationHelper.invokeMethod(MethodInvocationHelper.java:139)
at org.testng.internal.invokers.TestInvoker.invokeMethod(TestInvoker.java:664)
at org.testng.internal.invokers.TestInvoker.invokeTestMethod(TestInvoker.java:228)
at org.testng.internal.invokers.MethodRunner.runInSequence(MethodRunner.java:63)
at org.testng.internal.invokers.TestInvoker$MethodInvocationAgent.invoke(TestInvoker.java:961)
at org.testng.internal.invokers.TestInvoker.invokeTestMethods(TestInvoker.java:201)
at org.testng.internal.invokers.TestMethodWorker.invokeTestMethods(TestMethodWorker.java:148)
at org.testng.internal.invokers.TestMethodWorker.run(TestMethodWorker.java:128)
at java.base/java.util.ArrayList.forEach(ArrayList.java:1596)
at org.testng.TestRunner.privateRun(TestRunner.java:819)
at org.testng.TestRunner.run(TestRunner.java:619)
at org.testng.SuiteRunner.runTest(SuiteRunner.java:443)
at org.testng.SuiteRunner.runSequentially(SuiteRunner.java:437)
at org.testng.SuiteRunner.privateRun(SuiteRunner.java:397)
at org.testng.SuiteRunner.run(SuiteRunner.java:336)
at org.testng.SuiteRunnerWorker.runSuite(SuiteRunnerWorker.java:52)
at org.testng.SuiteRunnerWorker.run(SuiteRunnerWorker.java:95)
at org.testng.TestNG.runSuitesSequentially(TestNG.java:1301)
at org.testng.TestNG.runSuitesLocally(TestNG.java:1228)
at org.testng.TestNG.runSuites(TestNG.java:1134)
at org.testng.TestNG.run(TestNG.java:1101)
at org.testng.remote.AbstractRemoteTestNG.run(AbstractRemoteTestNG.java:115)
at org.testng.remote.RemoteTestNG.initAndRun(RemoteTestNG.java:293)
at org.testng.remote.RemoteTestNG.main(RemoteTestNG.java:91)
]]>
    </failure>
  </testcase> <!-- verifyGenerateTokenApiReturnsSuccessWithValidRequest -->
  <testcase classname="vestedApi.StatusUpdateAPI" name="verifyStatusUpdateApiReturnsTxnStatus101ForBookedTransaction" time="0.000">
    <skipped/>
  </testcase> <!-- verifyStatusUpdateApiReturnsTxnStatus101ForBookedTransaction -->
</testsuite> <!-- vestedApi.StatusUpdateAPI -->
