<?xml version="1.0" encoding="UTF-8"?>
<!-- Generated by org.testng.reporters.JUnitReportReporter -->
<testsuite hostname="FF-LAPTOP-140" failures="1" tests="10" name="vestedApi.SendVerifyOtpAPI" time="11.544" errors="0" timestamp="2026-05-24T14:50:24 IST" skipped="0">
  <testcase classname="vestedApi.SendVerifyOtpAPI" name="verifyOtpApiWithIncorrectOtp" time="0.527">
    <failure message="expected [OTP is incorrect] but found [Invalid OTP]" type="java.lang.AssertionError">
      <![CDATA[java.lang.AssertionError: expected [OTP is incorrect] but found [Invalid OTP]
at org.testng.Assert.fail(Assert.java:111)
at org.testng.Assert.failNotEquals(Assert.java:1578)
at org.testng.Assert.assertEqualsImpl(Assert.java:150)
at org.testng.Assert.assertEquals(Assert.java:132)
at org.testng.Assert.assertEquals(Assert.java:656)
at org.testng.Assert.assertEquals(Assert.java:666)
at vestedApi.SendVerifyOtpAPI.verifyOtpApiWithIncorrectOtp(SendVerifyOtpAPI.java:126)
at java.base/jdk.internal.reflect.DirectMethodHandleAccessor.invoke(DirectMethodHandleAccessor.java:103)
at java.base/java.lang.reflect.Method.invoke(Method.java:580)
at org.testng.internal.invokers.MethodInvocationHelper.invokeMethod(MethodInvocationHelper.java:139)
at org.testng.internal.invokers.TestInvoker.invokeMethod(TestInvoker.java:664)
at org.testng.internal.invokers.TestInvoker.invokeTestMethod(TestInvoker.java:228)
at org.testng.internal.invokers.MethodRunner.runInSequence(MethodRunner.java:63)
at org.testng.internal.invokers.TestInvoker$MethodInvocationAgent.invoke(TestInvoker.java:961)
at org.testng.internal.invokers.TestInvoker.invokeTestMethods(TestInvoker.java:201)
at org.testng.internal.invokers.TestMethodWorker.invokeTestMethods(TestMethodWorker.java:148)
at org.testng.internal.invokers.TestMethodWorker.run(TestMethodWorker.java:128)
at java.base/java.util.ArrayList.forEach(ArrayList.java:1596)
at org.testng.TestRunner.privateRun(TestRunner.java:819)
at org.testng.TestRunner.run(TestRunner.java:619)
at org.testng.SuiteRunner.runTest(SuiteRunner.java:443)
at org.testng.SuiteRunner.runSequentially(SuiteRunner.java:437)
at org.testng.SuiteRunner.privateRun(SuiteRunner.java:397)
at org.testng.SuiteRunner.run(SuiteRunner.java:336)
at org.testng.SuiteRunnerWorker.runSuite(SuiteRunnerWorker.java:52)
at org.testng.SuiteRunnerWorker.run(SuiteRunnerWorker.java:95)
at org.testng.TestNG.runSuitesSequentially(TestNG.java:1301)
at org.testng.TestNG.runSuitesLocally(TestNG.java:1228)
at org.testng.TestNG.runSuites(TestNG.java:1134)
at org.testng.TestNG.run(TestNG.java:1101)
at org.testng.remote.AbstractRemoteTestNG.run(AbstractRemoteTestNG.java:115)
at org.testng.remote.RemoteTestNG.initAndRun(RemoteTestNG.java:293)
at org.testng.remote.RemoteTestNG.main(RemoteTestNG.java:91)
]]>
    </failure>
  </testcase> <!-- verifyOtpApiWithIncorrectOtp -->
  <testcase classname="vestedApi.SendVerifyOtpAPI" name="verifyOtpApiWithoutAuthToken" time="0.193"/>
  <testcase classname="vestedApi.SendVerifyOtpAPI" name="verifyOtpApiWithMoreThanSixDigits" time="0.214"/>
  <testcase classname="vestedApi.SendVerifyOtpAPI" name="verifyGenerateTokenApiWithValidCRNAndAccountNumber" time="4.982"/>
  <testcase classname="vestedApi.SendVerifyOtpAPI" name="verifySendOtpApiWithMissingMandatoryCRNField" time="0.204"/>
  <testcase classname="vestedApi.SendVerifyOtpAPI" name="verifySendOtpApiTriggersSmsToCustomerRegisteredMobileNumber" time="4.374"/>
  <testcase classname="vestedApi.SendVerifyOtpAPI" name="verifyOtpApiWithAlphabeticCharactersInOtpField" time="0.226"/>
  <testcase classname="vestedApi.SendVerifyOtpAPI" name="verifyOtpApiWithLessThanSixDigits" time="0.226"/>
  <testcase classname="vestedApi.SendVerifyOtpAPI" name="verifySendOtpApiWithoutAuthTokenInHeader" time="0.276"/>
  <testcase classname="vestedApi.SendVerifyOtpAPI" name="verifySendOtpApiWithInvalidExpiredAuthToken" time="0.322"/>
</testsuite> <!-- vestedApi.SendVerifyOtpAPI -->
