<?xml version="1.0" encoding="UTF-8"?>
<!-- Generated by org.testng.reporters.JUnitReportReporter -->
<testsuite hostname="FF-LAPTOP-140" failures="2" tests="15" name="vestedApi.GenTokenApi" time="25.367" errors="0" timestamp="2026-05-01T12:28:42 IST" skipped="0">
  <testcase classname="vestedApi.GenTokenApi" name="should_fail_when_crn_not_exist" time="0.787">
    <failure message="The following asserts failed:
	Error code mismatch expected [ERR7002] but found [ERR002]" type="java.lang.AssertionError">
      <![CDATA[java.lang.AssertionError: The following asserts failed:
Error code mismatch expected [ERR7002] but found [ERR002]
at org.testng.asserts.SoftAssert.assertAll(SoftAssert.java:46)
at org.testng.asserts.SoftAssert.assertAll(SoftAssert.java:30)
at vestedApi.GenTokenApi.validateFailure(GenTokenApi.java:82)
at vestedApi.GenTokenApi.should_fail_when_crn_not_exist(GenTokenApi.java:143)
at java.base/jdk.internal.reflect.DirectMethodHandleAccessor.invoke(DirectMethodHandleAccessor.java:103)
at java.base/java.lang.reflect.Method.invoke(Method.java:580)
at org.testng.internal.invokers.MethodInvocationHelper.invokeMethod(MethodInvocationHelper.java:139)
at org.testng.internal.invokers.TestInvoker.invokeMethod(TestInvoker.java:664)
at org.testng.internal.invokers.TestInvoker.invokeTestMethod(TestInvoker.java:228)
at org.testng.internal.invokers.MethodRunner.runInSequence(MethodRunner.java:63)
at org.testng.internal.invokers.TestInvoker$MethodInvocationAgent.invoke(TestInvoker.java:961)
at org.testng.internal.invokers.TestInvoker.invokeTestMethods(TestInvoker.java:201)
at org.testng.internal.invokers.TestMethodWorker.invokeTestMethods(TestMethodWorker.java:148)
at org.testng.internal.invokers.TestMethodWorker.run(TestMethodWorker.java:128)
at java.base/java.util.ArrayList.forEach(ArrayList.java:1596)
at org.testng.TestRunner.privateRun(TestRunner.java:819)
at org.testng.TestRunner.run(TestRunner.java:619)
at org.testng.SuiteRunner.runTest(SuiteRunner.java:443)
at org.testng.SuiteRunner.runSequentially(SuiteRunner.java:437)
at org.testng.SuiteRunner.privateRun(SuiteRunner.java:397)
at org.testng.SuiteRunner.run(SuiteRunner.java:336)
at org.testng.SuiteRunnerWorker.runSuite(SuiteRunnerWorker.java:52)
at org.testng.SuiteRunnerWorker.run(SuiteRunnerWorker.java:95)
at org.testng.TestNG.runSuitesSequentially(TestNG.java:1301)
at org.testng.TestNG.runSuitesLocally(TestNG.java:1228)
at org.testng.TestNG.runSuites(TestNG.java:1134)
at org.testng.TestNG.run(TestNG.java:1101)
at org.testng.remote.AbstractRemoteTestNG.run(AbstractRemoteTestNG.java:115)
at org.testng.remote.RemoteTestNG.initAndRun(RemoteTestNG.java:293)
at org.testng.remote.RemoteTestNG.main(RemoteTestNG.java:91)
]]>
    </failure>
  </testcase> <!-- should_fail_when_crn_not_exist -->
  <testcase classname="vestedApi.GenTokenApi" name="should_fail_for_invalid_inputs" time="0.206"/>
  <testcase classname="vestedApi.GenTokenApi" name="should_fail_when_party_type_corporate" time="2.629"/>
  <testcase classname="vestedApi.GenTokenApi" name="should_fail_when_relation_type_not_allowed" time="1.882"/>
  <testcase classname="vestedApi.GenTokenApi" name="should_fail_when_aadhaar_not_linked" time="2.832"/>
  <testcase classname="vestedApi.GenTokenApi" name="should_fail_when_customer_blacklisted" time="1.562">
    <failure message="The following asserts failed:
	Error code mismatch expected [ERR7002] but found [ERR002]" type="java.lang.AssertionError">
      <![CDATA[java.lang.AssertionError: The following asserts failed:
Error code mismatch expected [ERR7002] but found [ERR002]
at org.testng.asserts.SoftAssert.assertAll(SoftAssert.java:46)
at org.testng.asserts.SoftAssert.assertAll(SoftAssert.java:30)
at vestedApi.GenTokenApi.validateFailure(GenTokenApi.java:82)
at vestedApi.GenTokenApi.should_fail_when_customer_blacklisted(GenTokenApi.java:135)
at java.base/jdk.internal.reflect.DirectMethodHandleAccessor.invoke(DirectMethodHandleAccessor.java:103)
at java.base/java.lang.reflect.Method.invoke(Method.java:580)
at org.testng.internal.invokers.MethodInvocationHelper.invokeMethod(MethodInvocationHelper.java:139)
at org.testng.internal.invokers.TestInvoker.invokeMethod(TestInvoker.java:664)
at org.testng.internal.invokers.TestInvoker.invokeTestMethod(TestInvoker.java:228)
at org.testng.internal.invokers.MethodRunner.runInSequence(MethodRunner.java:63)
at org.testng.internal.invokers.TestInvoker$MethodInvocationAgent.invoke(TestInvoker.java:961)
at org.testng.internal.invokers.TestInvoker.invokeTestMethods(TestInvoker.java:201)
at org.testng.internal.invokers.TestMethodWorker.invokeTestMethods(TestMethodWorker.java:148)
at org.testng.internal.invokers.TestMethodWorker.run(TestMethodWorker.java:128)
at java.base/java.util.ArrayList.forEach(ArrayList.java:1596)
at org.testng.TestRunner.privateRun(TestRunner.java:819)
at org.testng.TestRunner.run(TestRunner.java:619)
at org.testng.SuiteRunner.runTest(SuiteRunner.java:443)
at org.testng.SuiteRunner.runSequentially(SuiteRunner.java:437)
at org.testng.SuiteRunner.privateRun(SuiteRunner.java:397)
at org.testng.SuiteRunner.run(SuiteRunner.java:336)
at org.testng.SuiteRunnerWorker.runSuite(SuiteRunnerWorker.java:52)
at org.testng.SuiteRunnerWorker.run(SuiteRunnerWorker.java:95)
at org.testng.TestNG.runSuitesSequentially(TestNG.java:1301)
at org.testng.TestNG.runSuitesLocally(TestNG.java:1228)
at org.testng.TestNG.runSuites(TestNG.java:1134)
at org.testng.TestNG.run(TestNG.java:1101)
at org.testng.remote.AbstractRemoteTestNG.run(AbstractRemoteTestNG.java:115)
at org.testng.remote.RemoteTestNG.initAndRun(RemoteTestNG.java:293)
at org.testng.remote.RemoteTestNG.main(RemoteTestNG.java:91)
]]>
    </failure>
  </testcase> <!-- should_fail_when_customer_blacklisted -->
  <testcase classname="vestedApi.GenTokenApi" name="should_fail_when_it_type_not_allowed" time="1.936"/>
  <testcase classname="vestedApi.GenTokenApi" name="should_generate_token_when_valid_crn_and_account" time="3.263"/>
  <testcase classname="vestedApi.GenTokenApi" name="should_fail_for_invalid_inputs" time="0.255"/>
  <testcase classname="vestedApi.GenTokenApi" name="should_fail_when_account_dormant" time="1.845"/>
  <testcase classname="vestedApi.GenTokenApi" name="should_fail_for_invalid_inputs" time="3.623"/>
  <testcase classname="vestedApi.GenTokenApi" name="should_fail_when_account_debit_freeze" time="1.958"/>
  <testcase classname="vestedApi.GenTokenApi" name="should_fail_for_invalid_inputs" time="0.248"/>
  <testcase classname="vestedApi.GenTokenApi" name="should_fail_for_invalid_inputs" time="0.314"/>
  <testcase classname="vestedApi.GenTokenApi" name="should_generate_token_when_crn_at_max_length" time="2.027"/>
</testsuite> <!-- vestedApi.GenTokenApi -->
