<?xml version="1.0" encoding="UTF-8"?>
<!-- Generated by org.testng.reporters.JUnitReportReporter -->
<testsuite hostname="FF-LAPTOP-237" failures="0" tests="3" name="vestedApi.OtpApi" time="8.239" errors="0" timestamp="2026-04-14T13:08:18 IST" skipped="0">
  <testcase classname="vestedApi.OtpApi" name="verifyGenerateTokenApiWithValidCRNAndAccountNumber" time="5.012"/>
  <testcase classname="vestedApi.OtpApi" name="verifySendOtpApiTriggersSmsToCustomerRegisteredMobileNumber" time="2.619"/>
  <testcase classname="vestedApi.OtpApi" name="verifyOtpApiWithCorrectSixDigitOtp" time="0.608"/>
</testsuite> <!-- vestedApi.OtpApi -->
