<?xml version="1.0" encoding="UTF-8"?>
<!-- Generated by org.testng.reporters.JUnitReportReporter -->
<testsuite hostname="FF-LAPTOP-237" failures="2" tests="12" name="vestedApiTest.GenerateToken" time="18.194" errors="0" timestamp="2026-04-14T12:08:01 IST" skipped="0">
  <testcase classname="vestedApiTest.GenerateToken" name="verifyGenerateTokenApiWithCRNAboveMaximumLength" time="0.276"/>
  <testcase classname="vestedApiTest.GenerateToken" name="verifyGenerateTokenApiWithCRNBelowMinimumLength" time="1.576">
    <failure message="expected [ERR1008] but found [ERR7007]" type="java.lang.AssertionError">
      <![CDATA[java.lang.AssertionError: expected [ERR1008] but found [ERR7007]
at org.testng.Assert.fail(Assert.java:111)
at org.testng.Assert.failNotEquals(Assert.java:1578)
at org.testng.Assert.assertEqualsImpl(Assert.java:150)
at org.testng.Assert.assertEquals(Assert.java:132)
at org.testng.Assert.assertEquals(Assert.java:656)
at org.testng.Assert.assertEquals(Assert.java:666)
at vestedApiTest.GenerateToken.verifyGenerateTokenApiWithCRNBelowMinimumLength(GenerateToken.java:401)
at java.base/jdk.internal.reflect.DirectMethodHandleAccessor.invoke(DirectMethodHandleAccessor.java:103)
at java.base/java.lang.reflect.Method.invoke(Method.java:580)
at org.testng.internal.invokers.MethodInvocationHelper.invokeMethod(MethodInvocationHelper.java:139)
at org.testng.internal.invokers.TestInvoker.invokeMethod(TestInvoker.java:664)
at org.testng.internal.invokers.TestInvoker.invokeTestMethod(TestInvoker.java:228)
at org.testng.internal.invokers.MethodRunner.runInSequence(MethodRunner.java:63)
at org.testng.internal.invokers.TestInvoker$MethodInvocationAgent.invoke(TestInvoker.java:961)
at org.testng.internal.invokers.TestInvoker.invokeTestMethods(TestInvoker.java:201)
at org.testng.internal.invokers.TestMethodWorker.invokeTestMethods(TestMethodWorker.java:148)
at org.testng.internal.invokers.TestMethodWorker.run(TestMethodWorker.java:128)
at java.base/java.util.ArrayList.forEach(ArrayList.java:1596)
at org.testng.TestRunner.privateRun(TestRunner.java:819)
at org.testng.TestRunner.run(TestRunner.java:619)
at org.testng.SuiteRunner.runTest(SuiteRunner.java:443)
at org.testng.SuiteRunner.runSequentially(SuiteRunner.java:437)
at org.testng.SuiteRunner.privateRun(SuiteRunner.java:397)
at org.testng.SuiteRunner.run(SuiteRunner.java:336)
at org.testng.SuiteRunnerWorker.runSuite(SuiteRunnerWorker.java:52)
at org.testng.SuiteRunnerWorker.run(SuiteRunnerWorker.java:95)
at org.testng.TestNG.runSuitesSequentially(TestNG.java:1301)
at org.testng.TestNG.runSuitesLocally(TestNG.java:1228)
at org.testng.TestNG.runSuites(TestNG.java:1134)
at org.testng.TestNG.run(TestNG.java:1101)
at org.testng.remote.AbstractRemoteTestNG.run(AbstractRemoteTestNG.java:115)
at org.testng.remote.RemoteTestNG.initAndRun(RemoteTestNG.java:293)
at org.testng.remote.RemoteTestNG.main(RemoteTestNG.java:91)
]]>
    </failure>
  </testcase> <!-- verifyGenerateTokenApiWithCRNBelowMinimumLength -->
  <testcase classname="vestedApiTest.GenerateToken" name="verifyGenerateTokenApiWithAlphabeticCharactersInCRN" time="0.270"/>
  <testcase classname="vestedApiTest.GenerateToken" name="verifyGenerateTokenApiWithValidCRNAndAccountNumberForEligibleETBCustomer" time="2.392"/>
  <testcase classname="vestedApiTest.GenerateToken" name="verifyGenerateTokenApiWhenAadharLinkIsN" time="1.813"/>
  <testcase classname="vestedApiTest.GenerateToken" name="verifyGenerateTokenApiWithSpecialCharactersInAccNo" time="0.288"/>
  <testcase classname="vestedApiTest.GenerateToken" name="verifyGenerateTokenApiWithMissingMandatoryFieldAccNo" time="0.661"/>
  <testcase classname="vestedApiTest.GenerateToken" name="verifyGenerateTokenApiValidatesCustomerViaCRNApiAndAccountInquiryApi" time="8.636"/>
  <testcase classname="vestedApiTest.GenerateToken" name="verifyGenerateTokenApiWithEmptyCRN" time="0.273"/>
  <testcase classname="vestedApiTest.GenerateToken" name="verifyGenerateTokenApiWhenCustomerCRNStatusIsBlacklisted" time="1.581">
    <failure message="expected [ERR7002] but found [ERR002]" type="java.lang.AssertionError">
      <![CDATA[java.lang.AssertionError: expected [ERR7002] but found [ERR002]
at org.testng.Assert.fail(Assert.java:111)
at org.testng.Assert.failNotEquals(Assert.java:1578)
at org.testng.Assert.assertEqualsImpl(Assert.java:150)
at org.testng.Assert.assertEquals(Assert.java:132)
at org.testng.Assert.assertEquals(Assert.java:656)
at org.testng.Assert.assertEquals(Assert.java:666)
at vestedApiTest.GenerateToken.verifyGenerateTokenApiWhenCustomerCRNStatusIsBlacklisted(GenerateToken.java:369)
at java.base/jdk.internal.reflect.DirectMethodHandleAccessor.invoke(DirectMethodHandleAccessor.java:103)
at java.base/java.lang.reflect.Method.invoke(Method.java:580)
at org.testng.internal.invokers.MethodInvocationHelper.invokeMethod(MethodInvocationHelper.java:139)
at org.testng.internal.invokers.TestInvoker.invokeMethod(TestInvoker.java:664)
at org.testng.internal.invokers.TestInvoker.invokeTestMethod(TestInvoker.java:228)
at org.testng.internal.invokers.MethodRunner.runInSequence(MethodRunner.java:63)
at org.testng.internal.invokers.TestInvoker$MethodInvocationAgent.invoke(TestInvoker.java:961)
at org.testng.internal.invokers.TestInvoker.invokeTestMethods(TestInvoker.java:201)
at org.testng.internal.invokers.TestMethodWorker.invokeTestMethods(TestMethodWorker.java:148)
at org.testng.internal.invokers.TestMethodWorker.run(TestMethodWorker.java:128)
at java.base/java.util.ArrayList.forEach(ArrayList.java:1596)
at org.testng.TestRunner.privateRun(TestRunner.java:819)
at org.testng.TestRunner.run(TestRunner.java:619)
at org.testng.SuiteRunner.runTest(SuiteRunner.java:443)
at org.testng.SuiteRunner.runSequentially(SuiteRunner.java:437)
at org.testng.SuiteRunner.privateRun(SuiteRunner.java:397)
at org.testng.SuiteRunner.run(SuiteRunner.java:336)
at org.testng.SuiteRunnerWorker.runSuite(SuiteRunnerWorker.java:52)
at org.testng.SuiteRunnerWorker.run(SuiteRunnerWorker.java:95)
at org.testng.TestNG.runSuitesSequentially(TestNG.java:1301)
at org.testng.TestNG.runSuitesLocally(TestNG.java:1228)
at org.testng.TestNG.runSuites(TestNG.java:1134)
at org.testng.TestNG.run(TestNG.java:1101)
at org.testng.remote.AbstractRemoteTestNG.run(AbstractRemoteTestNG.java:115)
at org.testng.remote.RemoteTestNG.initAndRun(RemoteTestNG.java:293)
at org.testng.remote.RemoteTestNG.main(RemoteTestNG.java:91)
]]>
    </failure>
  </testcase> <!-- verifyGenerateTokenApiWhenCustomerCRNStatusIsBlacklisted -->
  <testcase classname="vestedApiTest.GenerateToken" name="verifyGenerateTokenApiWithMissingClientCode" time="0.209"/>
  <testcase classname="vestedApiTest.GenerateToken" name="verifyGenerateTokenApiWithMissingMandatoryFieldCRN" time="0.219"/>
</testsuite> <!-- vestedApiTest.GenerateToken -->
