<?xml version="1.0" encoding="UTF-8"?>
<!-- Generated by org.testng.reporters.JUnitXMLReporter -->
<testsuite ignored="0" hostname="FF-LAPTOP-245" failures="1" tests="1" name="Default test" time="10.305" errors="0" timestamp="2026-03-24T10:22:55 IST">
  <testcase classname="io.cucumber.testng.AbstractTestNGCucumberTests" name="runScenario" time="8.915">
    <failure type="java.lang.AssertionError">
      <![CDATA[java.lang.AssertionError
at org.junit.Assert.fail(Assert.java:87)
at org.junit.Assert.assertTrue(Assert.java:42)
at org.junit.Assert.assertTrue(Assert.java:53)
at stepdefinitions.StepDef.page_title_should_be_displayed(StepDef.java:81)
at ✽.page title should be displayed(file:///C:/Users/omkar.madav/git/Omkar_Github/axis-remit-automation/src/test/resources/Features/Launch.feature:6)
]]>
    </failure>
  </testcase> <!-- runScenario -->
</testsuite> <!-- Default test -->
